  [1m[35m (0.1ms)[0m  [1m[34mSELECT sqlite_version(*)[0m
  [1m[35m (80.0ms)[0m  [1m[35mCREATE TABLE "schema_migrations" ("version" varchar NOT NULL PRIMARY KEY)[0m
  [1m[35m (87.0ms)[0m  [1m[35mCREATE TABLE "ar_internal_metadata" ("key" varchar NOT NULL PRIMARY KEY, "value" varchar, "created_at" datetime NOT NULL, "updated_at" datetime NOT NULL)[0m
  [1m[35m (0.5ms)[0m  [1m[34mSELECT "schema_migrations"."version" FROM "schema_migrations" ORDER BY "schema_migrations"."version" ASC[0m
Migrating to CreateClues (20171004175056)
  [1m[35m (0.2ms)[0m  [1m[36mbegin transaction[0m
  [1m[35m (1.9ms)[0m  [1m[35mCREATE TABLE "clues" ("id" INTEGER PRIMARY KEY AUTOINCREMENT NOT NULL, "value" varchar, "category" varchar, "clue" varchar, "answer" varchar, "created_at" datetime NOT NULL, "updated_at" datetime NOT NULL)[0m
  [1m[35mSQL (0.3ms)[0m  [1m[32mINSERT INTO "schema_migrations" ("version") VALUES (?)[0m  [["version", "20171004175056"]]
  [1m[35m (142.0ms)[0m  [1m[36mcommit transaction[0m
Migrating to CreateGames (20171004175355)
  [1m[35m (0.2ms)[0m  [1m[36mbegin transaction[0m
  [1m[35m (1.1ms)[0m  [1m[35mCREATE TABLE "games" ("id" INTEGER PRIMARY KEY AUTOINCREMENT NOT NULL, "intials" varchar, "turn_count" integer DEFAULT 0, "score" integer, "created_at" datetime NOT NULL, "updated_at" datetime NOT NULL)[0m
  [1m[35mSQL (0.5ms)[0m  [1m[32mINSERT INTO "schema_migrations" ("version") VALUES (?)[0m  [["version", "20171004175355"]]
  [1m[35m (77.5ms)[0m  [1m[36mcommit transaction[0m
Migrating to CreateTurns (20171004175604)
  [1m[35m (0.2ms)[0m  [1m[36mbegin transaction[0m
  [1m[35m (1.3ms)[0m  [1m[35mCREATE TABLE "turns" ("id" INTEGER PRIMARY KEY AUTOINCREMENT NOT NULL, "value" integer, "correct?" boolean, "game_id" integer, "created_at" datetime NOT NULL, "updated_at" datetime NOT NULL)[0m
  [1m[35mSQL (0.8ms)[0m  [1m[32mINSERT INTO "schema_migrations" ("version") VALUES (?)[0m  [["version", "20171004175604"]]
  [1m[35m (108.7ms)[0m  [1m[36mcommit transaction[0m
  [1m[36mActiveRecord::InternalMetadata Load (0.6ms)[0m  [1m[34mSELECT  "ar_internal_metadata".* FROM "ar_internal_metadata" WHERE "ar_internal_metadata"."key" = ? LIMIT ?[0m  [["key", "environment"], ["LIMIT", 1]]
  [1m[35m (0.1ms)[0m  [1m[36mbegin transaction[0m
  [1m[35mSQL (0.3ms)[0m  [1m[32mINSERT INTO "ar_internal_metadata" ("key", "value", "created_at", "updated_at") VALUES (?, ?, ?, ?)[0m  [["key", "environment"], ["value", "development"], ["created_at", "2017-10-04 17:58:24.389430"], ["updated_at", "2017-10-04 17:58:24.389430"]]
  [1m[35m (61.2ms)[0m  [1m[36mcommit transaction[0m
  [1m[35m (0.6ms)[0m  [1m[34mSELECT "schema_migrations"."version" FROM "schema_migrations" ORDER BY "schema_migrations"."version" ASC[0m
Started GET "/" for ::1 at 2017-10-05 10:06:51 -0400
  [1m[35m (0.3ms)[0m  [1m[34mSELECT "schema_migrations"."version" FROM "schema_migrations" ORDER BY "schema_migrations"."version" ASC[0m
Processing by Rails::WelcomeController#index as HTML
  Rendering /home/c/.rvm/gems/ruby-2.3.3/gems/railties-5.1.4/lib/rails/templates/rails/welcome/index.html.erb
  Rendered /home/c/.rvm/gems/ruby-2.3.3/gems/railties-5.1.4/lib/rails/templates/rails/welcome/index.html.erb (8.7ms)
Completed 200 OK in 62ms (Views: 38.1ms | ActiveRecord: 0.0ms)


Started GET "/favicon.ico" for ::1 at 2017-10-05 10:06:52 -0400
  
ActionController::RoutingError (No route matches [GET] "/favicon.ico"):
  
actionpack (5.1.4) lib/action_dispatch/middleware/debug_exceptions.rb:63:in `call'
actionpack (5.1.4) lib/action_dispatch/middleware/show_exceptions.rb:31:in `call'
railties (5.1.4) lib/rails/rack/logger.rb:36:in `call_app'
railties (5.1.4) lib/rails/rack/logger.rb:24:in `block in call'
activesupport (5.1.4) lib/active_support/tagged_logging.rb:69:in `block in tagged'
activesupport (5.1.4) lib/active_support/tagged_logging.rb:26:in `tagged'
activesupport (5.1.4) lib/active_support/tagged_logging.rb:69:in `tagged'
railties (5.1.4) lib/rails/rack/logger.rb:24:in `call'
actionpack (5.1.4) lib/action_dispatch/middleware/remote_ip.rb:79:in `call'
actionpack (5.1.4) lib/action_dispatch/middleware/request_id.rb:25:in `call'
rack (2.0.3) lib/rack/runtime.rb:22:in `call'
activesupport (5.1.4) lib/active_support/cache/strategy/local_cache_middleware.rb:27:in `call'
actionpack (5.1.4) lib/action_dispatch/middleware/executor.rb:12:in `call'
actionpack (5.1.4) lib/action_dispatch/middleware/static.rb:125:in `call'
rack (2.0.3) lib/rack/sendfile.rb:111:in `call'
railties (5.1.4) lib/rails/engine.rb:522:in `call'
puma (3.10.0) lib/puma/configuration.rb:225:in `call'
puma (3.10.0) lib/puma/server.rb:605:in `handle_request'
puma (3.10.0) lib/puma/server.rb:437:in `process_client'
puma (3.10.0) lib/puma/server.rb:301:in `block in run'
puma (3.10.0) lib/puma/thread_pool.rb:120:in `block in spawn_thread'
Started GET "/Clue.js" for 127.0.0.1 at 2017-10-06 09:53:37 -0400
Started GET "/index.js" for 127.0.0.1 at 2017-10-06 09:53:37 -0400
Started GET "/App.js" for 127.0.0.1 at 2017-10-06 09:53:37 -0400
Started GET "/Game.js" for 127.0.0.1 at 2017-10-06 09:53:37 -0400
Started GET "/%3Canonymous%3E" for 127.0.0.1 at 2017-10-06 09:53:37 -0400
  [1m[35m (0.3ms)[0m  [1m[34mSELECT "schema_migrations"."version" FROM "schema_migrations" ORDER BY "schema_migrations"."version" ASC[0m
  [1m[35m (0.3ms)[0m  [1m[34mSELECT "schema_migrations"."version" FROM "schema_migrations" ORDER BY "schema_migrations"."version" ASC[0m
  [1m[35m (0.2ms)[0m  [1m[34mSELECT "schema_migrations"."version" FROM "schema_migrations" ORDER BY "schema_migrations"."version" ASC[0m
  
  [1m[35m (0.3ms)[0m  [1m[34mSELECT "schema_migrations"."version" FROM "schema_migrations" ORDER BY "schema_migrations"."version" ASC[0m
ActionController::RoutingError (No route matches [GET] "/Clue.js"):
  [1m[35m (0.3ms)[0m  [1m[34mSELECT "schema_migrations"."version" FROM "schema_migrations" ORDER BY "schema_migrations"."version" ASC[0m
  
ActionController::RoutingError (No route matches [GET] "/%3Canonymous%3E"):
  
  
  
ActionController::RoutingError (No route matches [GET] "/Game.js"):
actionpack (5.1.4) lib/action_dispatch/middleware/debug_exceptions.rb:63:in `call'
actionpack (5.1.4) lib/action_dispatch/middleware/show_exceptions.rb:31:in `call'
railties (5.1.4) lib/rails/rack/logger.rb:36:in `call_app'
railties (5.1.4) lib/rails/rack/logger.rb:24:in `block in call'
activesupport (5.1.4) lib/active_support/tagged_logging.rb:69:in `block in tagged'
activesupport (5.1.4) lib/active_support/tagged_logging.rb:26:in `tagged'
activesupport (5.1.4) lib/active_support/tagged_logging.rb:69:in `tagged'
railties (5.1.4) lib/rails/rack/logger.rb:24:in `call'
actionpack (5.1.4) lib/action_dispatch/middleware/remote_ip.rb:79:in `call'
actionpack (5.1.4) lib/action_dispatch/middleware/request_id.rb:25:in `call'
rack (2.0.3) lib/rack/runtime.rb:22:in `call'
activesupport (5.1.4) lib/active_support/cache/strategy/local_cache_middleware.rb:27:in `call'
actionpack (5.1.4) lib/action_dispatch/middleware/executor.rb:12:in `call'
actionpack (5.1.4) lib/action_dispatch/middleware/static.rb:125:in `call'
rack (2.0.3) lib/rack/sendfile.rb:111:in `call'
railties (5.1.4) lib/rails/engine.rb:522:in `call'
puma (3.10.0) lib/puma/configuration.rb:225:in `call'
puma (3.10.0) lib/puma/server.rb:605:in `handle_request'
puma (3.10.0) lib/puma/server.rb:437:in `process_client'
puma (3.10.0) lib/puma/server.rb:301:in `block in run'
puma (3.10.0) lib/puma/thread_pool.rb:120:in `block in spawn_thread'
actionpack (5.1.4) lib/action_dispatch/middleware/debug_exceptions.rb:63:in `call'
actionpack (5.1.4) lib/action_dispatch/middleware/show_exceptions.rb:31:in `call'
railties (5.1.4) lib/rails/rack/logger.rb:36:in `call_app'
railties (5.1.4) lib/rails/rack/logger.rb:24:in `block in call'
activesupport (5.1.4) lib/active_support/tagged_logging.rb:69:in `block in tagged'
activesupport (5.1.4) lib/active_support/tagged_logging.rb:26:in `tagged'
activesupport (5.1.4) lib/active_support/tagged_logging.rb:69:in `tagged'
railties (5.1.4) lib/rails/rack/logger.rb:24:in `call'
actionpack (5.1.4) lib/action_dispatch/middleware/remote_ip.rb:79:in `call'
actionpack (5.1.4) lib/action_dispatch/middleware/request_id.rb:25:in `call'
rack (2.0.3) lib/rack/runtime.rb:22:in `call'
activesupport (5.1.4) lib/active_support/cache/strategy/local_cache_middleware.rb:27:in `call'
actionpack (5.1.4) lib/action_dispatch/middleware/executor.rb:12:in `call'
actionpack (5.1.4) lib/action_dispatch/middleware/static.rb:125:in `call'
rack (2.0.3) lib/rack/sendfile.rb:111:in `call'
railties (5.1.4) lib/rails/engine.rb:522:in `call'
puma (3.10.0) lib/puma/configuration.rb:225:in `call'
puma (3.10.0) lib/puma/server.rb:605:in `handle_request'
puma (3.10.0) lib/puma/server.rb:437:in `process_client'
puma (3.10.0) lib/puma/server.rb:301:in `block in run'
puma (3.10.0) lib/puma/thread_pool.rb:120:in `block in spawn_thread'
  
  
ActionController::RoutingError (No route matches [GET] "/App.js"):
  
actionpack (5.1.4) lib/action_dispatch/middleware/debug_exceptions.rb:63:in `call'
actionpack (5.1.4) lib/action_dispatch/middleware/show_exceptions.rb:31:in `call'
railties (5.1.4) lib/rails/rack/logger.rb:36:in `call_app'
railties (5.1.4) lib/rails/rack/logger.rb:24:in `block in call'
activesupport (5.1.4) lib/active_support/tagged_logging.rb:69:in `block in tagged'
activesupport (5.1.4) lib/active_support/tagged_logging.rb:26:in `tagged'
activesupport (5.1.4) lib/active_support/tagged_logging.rb:69:in `tagged'
railties (5.1.4) lib/rails/rack/logger.rb:24:in `call'
actionpack (5.1.4) lib/action_dispatch/middleware/remote_ip.rb:79:in `call'
actionpack (5.1.4) lib/action_dispatch/middleware/request_id.rb:25:in `call'
rack (2.0.3) lib/rack/runtime.rb:22:in `call'
activesupport (5.1.4) lib/active_support/cache/strategy/local_cache_middleware.rb:27:in `call'
actionpack (5.1.4) lib/action_dispatch/middleware/executor.rb:12:in `call'
actionpack (5.1.4) lib/action_dispatch/middleware/static.rb:125:in `call'
rack (2.0.3) lib/rack/sendfile.rb:111:in `call'
railties (5.1.4) lib/rails/engine.rb:522:in `call'
puma (3.10.0) lib/puma/configuration.rb:225:in `call'
puma (3.10.0) lib/puma/server.rb:605:in `handle_request'
puma (3.10.0) lib/puma/server.rb:437:in `process_client'
puma (3.10.0) lib/puma/server.rb:301:in `block in run'
puma (3.10.0) lib/puma/thread_pool.rb:120:in `block in spawn_thread'
actionpack (5.1.4) lib/action_dispatch/middleware/debug_exceptions.rb:63:in `call'
actionpack (5.1.4) lib/action_dispatch/middleware/show_exceptions.rb:31:in `call'
railties (5.1.4) lib/rails/rack/logger.rb:36:in `call_app'
railties (5.1.4) lib/rails/rack/logger.rb:24:in `block in call'
activesupport (5.1.4) lib/active_support/tagged_logging.rb:69:in `block in tagged'
activesupport (5.1.4) lib/active_support/tagged_logging.rb:26:in `tagged'
activesupport (5.1.4) lib/active_support/tagged_logging.rb:69:in `tagged'
railties (5.1.4) lib/rails/rack/logger.rb:24:in `call'
actionpack (5.1.4) lib/action_dispatch/middleware/remote_ip.rb:79:in `call'
actionpack (5.1.4) lib/action_dispatch/middleware/request_id.rb:25:in `call'
rack (2.0.3) lib/rack/runtime.rb:22:in `call'
activesupport (5.1.4) lib/active_support/cache/strategy/local_cache_middleware.rb:27:in `call'
actionpack (5.1.4) lib/action_dispatch/middleware/executor.rb:12:in `call'
actionpack (5.1.4) lib/action_dispatch/middleware/static.rb:125:in `call'
rack (2.0.3) lib/rack/sendfile.rb:111:in `call'
railties (5.1.4) lib/rails/engine.rb:522:in `call'
puma (3.10.0) lib/puma/configuration.rb:225:in `call'
puma (3.10.0) lib/puma/server.rb:605:in `handle_request'
puma (3.10.0) lib/puma/server.rb:437:in `process_client'
puma (3.10.0) lib/puma/server.rb:301:in `block in run'
puma (3.10.0) lib/puma/thread_pool.rb:120:in `block in spawn_thread'
  
ActionController::RoutingError (No route matches [GET] "/index.js"):
  
actionpack (5.1.4) lib/action_dispatch/middleware/debug_exceptions.rb:63:in `call'
actionpack (5.1.4) lib/action_dispatch/middleware/show_exceptions.rb:31:in `call'
railties (5.1.4) lib/rails/rack/logger.rb:36:in `call_app'
railties (5.1.4) lib/rails/rack/logger.rb:24:in `block in call'
activesupport (5.1.4) lib/active_support/tagged_logging.rb:69:in `block in tagged'
activesupport (5.1.4) lib/active_support/tagged_logging.rb:26:in `tagged'
activesupport (5.1.4) lib/active_support/tagged_logging.rb:69:in `tagged'
railties (5.1.4) lib/rails/rack/logger.rb:24:in `call'
actionpack (5.1.4) lib/action_dispatch/middleware/remote_ip.rb:79:in `call'
actionpack (5.1.4) lib/action_dispatch/middleware/request_id.rb:25:in `call'
rack (2.0.3) lib/rack/runtime.rb:22:in `call'
activesupport (5.1.4) lib/active_support/cache/strategy/local_cache_middleware.rb:27:in `call'
actionpack (5.1.4) lib/action_dispatch/middleware/executor.rb:12:in `call'
actionpack (5.1.4) lib/action_dispatch/middleware/static.rb:125:in `call'
rack (2.0.3) lib/rack/sendfile.rb:111:in `call'
railties (5.1.4) lib/rails/engine.rb:522:in `call'
puma (3.10.0) lib/puma/configuration.rb:225:in `call'
puma (3.10.0) lib/puma/server.rb:605:in `handle_request'
puma (3.10.0) lib/puma/server.rb:437:in `process_client'
puma (3.10.0) lib/puma/server.rb:301:in `block in run'
puma (3.10.0) lib/puma/thread_pool.rb:120:in `block in spawn_thread'
Started GET "/Clue.js" for 127.0.0.1 at 2017-10-06 09:53:37 -0400
  
ActionController::RoutingError (No route matches [GET] "/Clue.js"):
  
actionpack (5.1.4) lib/action_dispatch/middleware/debug_exceptions.rb:63:in `call'
actionpack (5.1.4) lib/action_dispatch/middleware/show_exceptions.rb:31:in `call'
railties (5.1.4) lib/rails/rack/logger.rb:36:in `call_app'
railties (5.1.4) lib/rails/rack/logger.rb:24:in `block in call'
activesupport (5.1.4) lib/active_support/tagged_logging.rb:69:in `block in tagged'
activesupport (5.1.4) lib/active_support/tagged_logging.rb:26:in `tagged'
activesupport (5.1.4) lib/active_support/tagged_logging.rb:69:in `tagged'
railties (5.1.4) lib/rails/rack/logger.rb:24:in `call'
actionpack (5.1.4) lib/action_dispatch/middleware/remote_ip.rb:79:in `call'
actionpack (5.1.4) lib/action_dispatch/middleware/request_id.rb:25:in `call'
rack (2.0.3) lib/rack/runtime.rb:22:in `call'
activesupport (5.1.4) lib/active_support/cache/strategy/local_cache_middleware.rb:27:in `call'
actionpack (5.1.4) lib/action_dispatch/middleware/executor.rb:12:in `call'
actionpack (5.1.4) lib/action_dispatch/middleware/static.rb:125:in `call'
rack (2.0.3) lib/rack/sendfile.rb:111:in `call'
railties (5.1.4) lib/rails/engine.rb:522:in `call'
puma (3.10.0) lib/puma/configuration.rb:225:in `call'
puma (3.10.0) lib/puma/server.rb:605:in `handle_request'
puma (3.10.0) lib/puma/server.rb:437:in `process_client'
puma (3.10.0) lib/puma/server.rb:301:in `block in run'
puma (3.10.0) lib/puma/thread_pool.rb:120:in `block in spawn_thread'
Started GET "/%3Canonymous%3E" for 127.0.0.1 at 2017-10-06 09:53:37 -0400
Started GET "/Game.js" for 127.0.0.1 at 2017-10-06 09:53:37 -0400
  
Started GET "/App.js" for 127.0.0.1 at 2017-10-06 09:53:37 -0400
  
ActionController::RoutingError (No route matches [GET] "/%3Canonymous%3E"):
  
actionpack (5.1.4) lib/action_dispatch/middleware/debug_exceptions.rb:63:in `call'
actionpack (5.1.4) lib/action_dispatch/middleware/show_exceptions.rb:31:in `call'
railties (5.1.4) lib/rails/rack/logger.rb:36:in `call_app'
railties (5.1.4) lib/rails/rack/logger.rb:24:in `block in call'
activesupport (5.1.4) lib/active_support/tagged_logging.rb:69:in `block in tagged'
activesupport (5.1.4) lib/active_support/tagged_logging.rb:26:in `tagged'
activesupport (5.1.4) lib/active_support/tagged_logging.rb:69:in `tagged'
railties (5.1.4) lib/rails/rack/logger.rb:24:in `call'
actionpack (5.1.4) lib/action_dispatch/middleware/remote_ip.rb:79:in `call'
actionpack (5.1.4) lib/action_dispatch/middleware/request_id.rb:25:in `call'
rack (2.0.3) lib/rack/runtime.rb:22:in `call'
activesupport (5.1.4) lib/active_support/cache/strategy/local_cache_middleware.rb:27:in `call'
actionpack (5.1.4) lib/action_dispatch/middleware/executor.rb:12:in `call'
actionpack (5.1.4) lib/action_dispatch/middleware/static.rb:125:in `call'
rack (2.0.3) lib/rack/sendfile.rb:111:in `call'
railties (5.1.4) lib/rails/engine.rb:522:in `call'
puma (3.10.0) lib/puma/configuration.rb:225:in `call'
puma (3.10.0) lib/puma/server.rb:605:in `handle_request'
puma (3.10.0) lib/puma/server.rb:437:in `process_client'
puma (3.10.0) lib/puma/server.rb:301:in `block in run'
puma (3.10.0) lib/puma/thread_pool.rb:120:in `block in spawn_thread'
  
ActionController::RoutingError (No route matches [GET] "/App.js"):
  
actionpack (5.1.4) lib/action_dispatch/middleware/debug_exceptions.rb:63:in `call'
actionpack (5.1.4) lib/action_dispatch/middleware/show_exceptions.rb:31:in `call'
railties (5.1.4) lib/rails/rack/logger.rb:36:in `call_app'
railties (5.1.4) lib/rails/rack/logger.rb:24:in `block in call'
activesupport (5.1.4) lib/active_support/tagged_logging.rb:69:in `block in tagged'
activesupport (5.1.4) lib/active_support/tagged_logging.rb:26:in `tagged'
activesupport (5.1.4) lib/active_support/tagged_logging.rb:69:in `tagged'
railties (5.1.4) lib/rails/rack/logger.rb:24:in `call'
actionpack (5.1.4) lib/action_dispatch/middleware/remote_ip.rb:79:in `call'
actionpack (5.1.4) lib/action_dispatch/middleware/request_id.rb:25:in `call'
rack (2.0.3) lib/rack/runtime.rb:22:in `call'
activesupport (5.1.4) lib/active_support/cache/strategy/local_cache_middleware.rb:27:in `call'
actionpack (5.1.4) lib/action_dispatch/middleware/executor.rb:12:in `call'
actionpack (5.1.4) lib/action_dispatch/middleware/static.rb:125:in `call'
rack (2.0.3) lib/rack/sendfile.rb:111:in `call'
railties (5.1.4) lib/rails/engine.rb:522:in `call'
puma (3.10.0) lib/puma/configuration.rb:225:in `call'
puma (3.10.0) lib/puma/server.rb:605:in `handle_request'
puma (3.10.0) lib/puma/server.rb:437:in `process_client'
puma (3.10.0) lib/puma/server.rb:301:in `block in run'
puma (3.10.0) lib/puma/thread_pool.rb:120:in `block in spawn_thread'
ActionController::RoutingError (No route matches [GET] "/Game.js"):
  
actionpack (5.1.4) lib/action_dispatch/middleware/debug_exceptions.rb:63:in `call'
actionpack (5.1.4) lib/action_dispatch/middleware/show_exceptions.rb:31:in `call'
railties (5.1.4) lib/rails/rack/logger.rb:36:in `call_app'
railties (5.1.4) lib/rails/rack/logger.rb:24:in `block in call'
activesupport (5.1.4) lib/active_support/tagged_logging.rb:69:in `block in tagged'
activesupport (5.1.4) lib/active_support/tagged_logging.rb:26:in `tagged'
activesupport (5.1.4) lib/active_support/tagged_logging.rb:69:in `tagged'
railties (5.1.4) lib/rails/rack/logger.rb:24:in `call'
actionpack (5.1.4) lib/action_dispatch/middleware/remote_ip.rb:79:in `call'
actionpack (5.1.4) lib/action_dispatch/middleware/request_id.rb:25:in `call'
rack (2.0.3) lib/rack/runtime.rb:22:in `call'
activesupport (5.1.4) lib/active_support/cache/strategy/local_cache_middleware.rb:27:in `call'
actionpack (5.1.4) lib/action_dispatch/middleware/executor.rb:12:in `call'
actionpack (5.1.4) lib/action_dispatch/middleware/static.rb:125:in `call'
rack (2.0.3) lib/rack/sendfile.rb:111:in `call'
railties (5.1.4) lib/rails/engine.rb:522:in `call'
puma (3.10.0) lib/puma/configuration.rb:225:in `call'
puma (3.10.0) lib/puma/server.rb:605:in `handle_request'
puma (3.10.0) lib/puma/server.rb:437:in `process_client'
puma (3.10.0) lib/puma/server.rb:301:in `block in run'
puma (3.10.0) lib/puma/thread_pool.rb:120:in `block in spawn_thread'
Started GET "/index.js" for 127.0.0.1 at 2017-10-06 09:53:37 -0400
  
ActionController::RoutingError (No route matches [GET] "/index.js"):
  
actionpack (5.1.4) lib/action_dispatch/middleware/debug_exceptions.rb:63:in `call'
actionpack (5.1.4) lib/action_dispatch/middleware/show_exceptions.rb:31:in `call'
railties (5.1.4) lib/rails/rack/logger.rb:36:in `call_app'
railties (5.1.4) lib/rails/rack/logger.rb:24:in `block in call'
activesupport (5.1.4) lib/active_support/tagged_logging.rb:69:in `block in tagged'
activesupport (5.1.4) lib/active_support/tagged_logging.rb:26:in `tagged'
activesupport (5.1.4) lib/active_support/tagged_logging.rb:69:in `tagged'
railties (5.1.4) lib/rails/rack/logger.rb:24:in `call'
actionpack (5.1.4) lib/action_dispatch/middleware/remote_ip.rb:79:in `call'
actionpack (5.1.4) lib/action_dispatch/middleware/request_id.rb:25:in `call'
rack (2.0.3) lib/rack/runtime.rb:22:in `call'
activesupport (5.1.4) lib/active_support/cache/strategy/local_cache_middleware.rb:27:in `call'
actionpack (5.1.4) lib/action_dispatch/middleware/executor.rb:12:in `call'
actionpack (5.1.4) lib/action_dispatch/middleware/static.rb:125:in `call'
rack (2.0.3) lib/rack/sendfile.rb:111:in `call'
railties (5.1.4) lib/rails/engine.rb:522:in `call'
puma (3.10.0) lib/puma/configuration.rb:225:in `call'
puma (3.10.0) lib/puma/server.rb:605:in `handle_request'
puma (3.10.0) lib/puma/server.rb:437:in `process_client'
puma (3.10.0) lib/puma/server.rb:301:in `block in run'
puma (3.10.0) lib/puma/thread_pool.rb:120:in `block in spawn_thread'
Started GET "/Game.js" for 127.0.0.1 at 2017-10-06 09:55:08 -0400
  
ActionController::RoutingError (No route matches [GET] "/Game.js"):
  
actionpack (5.1.4) lib/action_dispatch/middleware/debug_exceptions.rb:63:in `call'
actionpack (5.1.4) lib/action_dispatch/middleware/show_exceptions.rb:31:in `call'
railties (5.1.4) lib/rails/rack/logger.rb:36:in `call_app'
railties (5.1.4) lib/rails/rack/logger.rb:24:in `block in call'
activesupport (5.1.4) lib/active_support/tagged_logging.rb:69:in `block in tagged'
activesupport (5.1.4) lib/active_support/tagged_logging.rb:26:in `tagged'
activesupport (5.1.4) lib/active_support/tagged_logging.rb:69:in `tagged'
railties (5.1.4) lib/rails/rack/logger.rb:24:in `call'
actionpack (5.1.4) lib/action_dispatch/middleware/remote_ip.rb:79:in `call'
actionpack (5.1.4) lib/action_dispatch/middleware/request_id.rb:25:in `call'
rack (2.0.3) lib/rack/runtime.rb:22:in `call'
activesupport (5.1.4) lib/active_support/cache/strategy/local_cache_middleware.rb:27:in `call'
actionpack (5.1.4) lib/action_dispatch/middleware/executor.rb:12:in `call'
actionpack (5.1.4) lib/action_dispatch/middleware/static.rb:125:in `call'
rack (2.0.3) lib/rack/sendfile.rb:111:in `call'
railties (5.1.4) lib/rails/engine.rb:522:in `call'
puma (3.10.0) lib/puma/configuration.rb:225:in `call'
puma (3.10.0) lib/puma/server.rb:605:in `handle_request'
puma (3.10.0) lib/puma/server.rb:437:in `process_client'
puma (3.10.0) lib/puma/server.rb:301:in `block in run'
puma (3.10.0) lib/puma/thread_pool.rb:120:in `block in spawn_thread'
Started GET "/App.js" for 127.0.0.1 at 2017-10-06 09:55:08 -0400
  
ActionController::RoutingError (No route matches [GET] "/App.js"):
  
actionpack (5.1.4) lib/action_dispatch/middleware/debug_exceptions.rb:63:in `call'
actionpack (5.1.4) lib/action_dispatch/middleware/show_exceptions.rb:31:in `call'
railties (5.1.4) lib/rails/rack/logger.rb:36:in `call_app'
railties (5.1.4) lib/rails/rack/logger.rb:24:in `block in call'
activesupport (5.1.4) lib/active_support/tagged_logging.rb:69:in `block in tagged'
activesupport (5.1.4) lib/active_support/tagged_logging.rb:26:in `tagged'
activesupport (5.1.4) lib/active_support/tagged_logging.rb:69:in `tagged'
railties (5.1.4) lib/rails/rack/logger.rb:24:in `call'
actionpack (5.1.4) lib/action_dispatch/middleware/remote_ip.rb:79:in `call'
actionpack (5.1.4) lib/action_dispatch/middleware/request_id.rb:25:in `call'
rack (2.0.3) lib/rack/runtime.rb:22:in `call'
activesupport (5.1.4) lib/active_support/cache/strategy/local_cache_middleware.rb:27:in `call'
actionpack (5.1.4) lib/action_dispatch/middleware/executor.rb:12:in `call'
actionpack (5.1.4) lib/action_dispatch/middleware/static.rb:125:in `call'
rack (2.0.3) lib/rack/sendfile.rb:111:in `call'
railties (5.1.4) lib/rails/engine.rb:522:in `call'
puma (3.10.0) lib/puma/configuration.rb:225:in `call'
puma (3.10.0) lib/puma/server.rb:605:in `handle_request'
puma (3.10.0) lib/puma/server.rb:437:in `process_client'
puma (3.10.0) lib/puma/server.rb:301:in `block in run'
puma (3.10.0) lib/puma/thread_pool.rb:120:in `block in spawn_thread'
Started GET "/Clue.js" for 127.0.0.1 at 2017-10-06 09:55:08 -0400
Started GET "/%3Canonymous%3E" for 127.0.0.1 at 2017-10-06 09:55:08 -0400
Started GET "/index.js" for 127.0.0.1 at 2017-10-06 09:55:08 -0400
  
ActionController::RoutingError (No route matches [GET] "/index.js"):
  
actionpack (5.1.4) lib/action_dispatch/middleware/debug_exceptions.rb:63:in `call'
actionpack (5.1.4) lib/action_dispatch/middleware/show_exceptions.rb:31:in `call'
railties (5.1.4) lib/rails/rack/logger.rb:36:in `call_app'
railties (5.1.4) lib/rails/rack/logger.rb:24:in `block in call'
activesupport (5.1.4) lib/active_support/tagged_logging.rb:69:in `block in tagged'
activesupport (5.1.4) lib/active_support/tagged_logging.rb:26:in `tagged'
activesupport (5.1.4) lib/active_support/tagged_logging.rb:69:in `tagged'
railties (5.1.4) lib/rails/rack/logger.rb:24:in `call'
actionpack (5.1.4) lib/action_dispatch/middleware/remote_ip.rb:79:in `call'
actionpack (5.1.4) lib/action_dispatch/middleware/request_id.rb:25:in `call'
rack (2.0.3) lib/rack/runtime.rb:22:in `call'
activesupport (5.1.4) lib/active_support/cache/strategy/local_cache_middleware.rb:27:in `call'
actionpack (5.1.4) lib/action_dispatch/middleware/executor.rb:12:in `call'
actionpack (5.1.4) lib/action_dispatch/middleware/static.rb:125:in `call'
rack (2.0.3) lib/rack/sendfile.rb:111:in `call'
railties (5.1.4) lib/rails/engine.rb:522:in `call'
puma (3.10.0) lib/puma/configuration.rb:225:in `call'
puma (3.10.0) lib/puma/server.rb:605:in `handle_request'
puma (3.10.0) lib/puma/server.rb:437:in `process_client'
puma (3.10.0) lib/puma/server.rb:301:in `block in run'
puma (3.10.0) lib/puma/thread_pool.rb:120:in `block in spawn_thread'
  
ActionController::RoutingError (No route matches [GET] "/Clue.js"):
  
actionpack (5.1.4) lib/action_dispatch/middleware/debug_exceptions.rb:63:in `call'
actionpack (5.1.4) lib/action_dispatch/middleware/show_exceptions.rb:31:in `call'
railties (5.1.4) lib/rails/rack/logger.rb:36:in `call_app'
railties (5.1.4) lib/rails/rack/logger.rb:24:in `block in call'
activesupport (5.1.4) lib/active_support/tagged_logging.rb:69:in `block in tagged'
activesupport (5.1.4) lib/active_support/tagged_logging.rb:26:in `tagged'
activesupport (5.1.4) lib/active_support/tagged_logging.rb:69:in `tagged'
railties (5.1.4) lib/rails/rack/logger.rb:24:in `call'
actionpack (5.1.4) lib/action_dispatch/middleware/remote_ip.rb:79:in `call'
actionpack (5.1.4) lib/action_dispatch/middleware/request_id.rb:25:in `call'
rack (2.0.3) lib/rack/runtime.rb:22:in `call'
activesupport (5.1.4) lib/active_support/cache/strategy/local_cache_middleware.rb:27:in `call'
actionpack (5.1.4) lib/action_dispatch/middleware/executor.rb:12:in `call'
actionpack (5.1.4) lib/action_dispatch/middleware/static.rb:125:in `call'
rack (2.0.3) lib/rack/sendfile.rb:111:in `call'
railties (5.1.4) lib/rails/engine.rb:522:in `call'
puma (3.10.0) lib/puma/configuration.rb:225:in `call'
puma (3.10.0) lib/puma/server.rb:605:in `handle_request'
puma (3.10.0) lib/puma/server.rb:437:in `process_client'
puma (3.10.0) lib/puma/server.rb:301:in `block in run'
puma (3.10.0) lib/puma/thread_pool.rb:120:in `block in spawn_thread'
  
ActionController::RoutingError (No route matches [GET] "/%3Canonymous%3E"):
  
actionpack (5.1.4) lib/action_dispatch/middleware/debug_exceptions.rb:63:in `call'
actionpack (5.1.4) lib/action_dispatch/middleware/show_exceptions.rb:31:in `call'
railties (5.1.4) lib/rails/rack/logger.rb:36:in `call_app'
railties (5.1.4) lib/rails/rack/logger.rb:24:in `block in call'
activesupport (5.1.4) lib/active_support/tagged_logging.rb:69:in `block in tagged'
activesupport (5.1.4) lib/active_support/tagged_logging.rb:26:in `tagged'
activesupport (5.1.4) lib/active_support/tagged_logging.rb:69:in `tagged'
railties (5.1.4) lib/rails/rack/logger.rb:24:in `call'
actionpack (5.1.4) lib/action_dispatch/middleware/remote_ip.rb:79:in `call'
actionpack (5.1.4) lib/action_dispatch/middleware/request_id.rb:25:in `call'
rack (2.0.3) lib/rack/runtime.rb:22:in `call'
activesupport (5.1.4) lib/active_support/cache/strategy/local_cache_middleware.rb:27:in `call'
actionpack (5.1.4) lib/action_dispatch/middleware/executor.rb:12:in `call'
actionpack (5.1.4) lib/action_dispatch/middleware/static.rb:125:in `call'
rack (2.0.3) lib/rack/sendfile.rb:111:in `call'
railties (5.1.4) lib/rails/engine.rb:522:in `call'
puma (3.10.0) lib/puma/configuration.rb:225:in `call'
puma (3.10.0) lib/puma/server.rb:605:in `handle_request'
puma (3.10.0) lib/puma/server.rb:437:in `process_client'
puma (3.10.0) lib/puma/server.rb:301:in `block in run'
puma (3.10.0) lib/puma/thread_pool.rb:120:in `block in spawn_thread'
Started GET "/Game.js" for 127.0.0.1 at 2017-10-06 09:55:08 -0400
  
ActionController::RoutingError (No route matches [GET] "/Game.js"):
  
actionpack (5.1.4) lib/action_dispatch/middleware/debug_exceptions.rb:63:in `call'
actionpack (5.1.4) lib/action_dispatch/middleware/show_exceptions.rb:31:in `call'
railties (5.1.4) lib/rails/rack/logger.rb:36:in `call_app'
railties (5.1.4) lib/rails/rack/logger.rb:24:in `block in call'
activesupport (5.1.4) lib/active_support/tagged_logging.rb:69:in `block in tagged'
activesupport (5.1.4) lib/active_support/tagged_logging.rb:26:in `tagged'
activesupport (5.1.4) lib/active_support/tagged_logging.rb:69:in `tagged'
railties (5.1.4) lib/rails/rack/logger.rb:24:in `call'
actionpack (5.1.4) lib/action_dispatch/middleware/remote_ip.rb:79:in `call'
actionpack (5.1.4) lib/action_dispatch/middleware/request_id.rb:25:in `call'
rack (2.0.3) lib/rack/runtime.rb:22:in `call'
activesupport (5.1.4) lib/active_support/cache/strategy/local_cache_middleware.rb:27:in `call'
actionpack (5.1.4) lib/action_dispatch/middleware/executor.rb:12:in `call'
actionpack (5.1.4) lib/action_dispatch/middleware/static.rb:125:in `call'
rack (2.0.3) lib/rack/sendfile.rb:111:in `call'
railties (5.1.4) lib/rails/engine.rb:522:in `call'
puma (3.10.0) lib/puma/configuration.rb:225:in `call'
puma (3.10.0) lib/puma/server.rb:605:in `handle_request'
puma (3.10.0) lib/puma/server.rb:437:in `process_client'
puma (3.10.0) lib/puma/server.rb:301:in `block in run'
puma (3.10.0) lib/puma/thread_pool.rb:120:in `block in spawn_thread'
Started GET "/App.js" for 127.0.0.1 at 2017-10-06 09:55:08 -0400
  
ActionController::RoutingError (No route matches [GET] "/App.js"):
  
actionpack (5.1.4) lib/action_dispatch/middleware/debug_exceptions.rb:63:in `call'
actionpack (5.1.4) lib/action_dispatch/middleware/show_exceptions.rb:31:in `call'
railties (5.1.4) lib/rails/rack/logger.rb:36:in `call_app'
railties (5.1.4) lib/rails/rack/logger.rb:24:in `block in call'
activesupport (5.1.4) lib/active_support/tagged_logging.rb:69:in `block in tagged'
activesupport (5.1.4) lib/active_support/tagged_logging.rb:26:in `tagged'
activesupport (5.1.4) lib/active_support/tagged_logging.rb:69:in `tagged'
railties (5.1.4) lib/rails/rack/logger.rb:24:in `call'
actionpack (5.1.4) lib/action_dispatch/middleware/remote_ip.rb:79:in `call'
actionpack (5.1.4) lib/action_dispatch/middleware/request_id.rb:25:in `call'
rack (2.0.3) lib/rack/runtime.rb:22:in `call'
activesupport (5.1.4) lib/active_support/cache/strategy/local_cache_middleware.rb:27:in `call'
actionpack (5.1.4) lib/action_dispatch/middleware/executor.rb:12:in `call'
actionpack (5.1.4) lib/action_dispatch/middleware/static.rb:125:in `call'
rack (2.0.3) lib/rack/sendfile.rb:111:in `call'
railties (5.1.4) lib/rails/engine.rb:522:in `call'
puma (3.10.0) lib/puma/configuration.rb:225:in `call'
puma (3.10.0) lib/puma/server.rb:605:in `handle_request'
puma (3.10.0) lib/puma/server.rb:437:in `process_client'
puma (3.10.0) lib/puma/server.rb:301:in `block in run'
puma (3.10.0) lib/puma/thread_pool.rb:120:in `block in spawn_thread'
Started GET "/Clue.js" for 127.0.0.1 at 2017-10-06 09:55:08 -0400
  
ActionController::RoutingError (No route matches [GET] "/Clue.js"):
  
actionpack (5.1.4) lib/action_dispatch/middleware/debug_exceptions.rb:63:in `call'
actionpack (5.1.4) lib/action_dispatch/middleware/show_exceptions.rb:31:in `call'
railties (5.1.4) lib/rails/rack/logger.rb:36:in `call_app'
railties (5.1.4) lib/rails/rack/logger.rb:24:in `block in call'
activesupport (5.1.4) lib/active_support/tagged_logging.rb:69:in `block in tagged'
activesupport (5.1.4) lib/active_support/tagged_logging.rb:26:in `tagged'
activesupport (5.1.4) lib/active_support/tagged_logging.rb:69:in `tagged'
railties (5.1.4) lib/rails/rack/logger.rb:24:in `call'
actionpack (5.1.4) lib/action_dispatch/middleware/remote_ip.rb:79:in `call'
actionpack (5.1.4) lib/action_dispatch/middleware/request_id.rb:25:in `call'
rack (2.0.3) lib/rack/runtime.rb:22:in `call'
activesupport (5.1.4) lib/active_support/cache/strategy/local_cache_middleware.rb:27:in `call'
actionpack (5.1.4) lib/action_dispatch/middleware/executor.rb:12:in `call'
actionpack (5.1.4) lib/action_dispatch/middleware/static.rb:125:in `call'
rack (2.0.3) lib/rack/sendfile.rb:111:in `call'
railties (5.1.4) lib/rails/engine.rb:522:in `call'
puma (3.10.0) lib/puma/configuration.rb:225:in `call'
puma (3.10.0) lib/puma/server.rb:605:in `handle_request'
puma (3.10.0) lib/puma/server.rb:437:in `process_client'
puma (3.10.0) lib/puma/server.rb:301:in `block in run'
puma (3.10.0) lib/puma/thread_pool.rb:120:in `block in spawn_thread'
Started GET "/index.js" for 127.0.0.1 at 2017-10-06 09:55:08 -0400
  
ActionController::RoutingError (No route matches [GET] "/index.js"):
  
actionpack (5.1.4) lib/action_dispatch/middleware/debug_exceptions.rb:63:in `call'
actionpack (5.1.4) lib/action_dispatch/middleware/show_exceptions.rb:31:in `call'
railties (5.1.4) lib/rails/rack/logger.rb:36:in `call_app'
railties (5.1.4) lib/rails/rack/logger.rb:24:in `block in call'
activesupport (5.1.4) lib/active_support/tagged_logging.rb:69:in `block in tagged'
activesupport (5.1.4) lib/active_support/tagged_logging.rb:26:in `tagged'
activesupport (5.1.4) lib/active_support/tagged_logging.rb:69:in `tagged'
railties (5.1.4) lib/rails/rack/logger.rb:24:in `call'
actionpack (5.1.4) lib/action_dispatch/middleware/remote_ip.rb:79:in `call'
actionpack (5.1.4) lib/action_dispatch/middleware/request_id.rb:25:in `call'
rack (2.0.3) lib/rack/runtime.rb:22:in `call'
activesupport (5.1.4) lib/active_support/cache/strategy/local_cache_middleware.rb:27:in `call'
actionpack (5.1.4) lib/action_dispatch/middleware/executor.rb:12:in `call'
actionpack (5.1.4) lib/action_dispatch/middleware/static.rb:125:in `call'
rack (2.0.3) lib/rack/sendfile.rb:111:in `call'
railties (5.1.4) lib/rails/engine.rb:522:in `call'
puma (3.10.0) lib/puma/configuration.rb:225:in `call'
puma (3.10.0) lib/puma/server.rb:605:in `handle_request'
puma (3.10.0) lib/puma/server.rb:437:in `process_client'
puma (3.10.0) lib/puma/server.rb:301:in `block in run'
puma (3.10.0) lib/puma/thread_pool.rb:120:in `block in spawn_thread'
Started GET "/%3Canonymous%3E" for 127.0.0.1 at 2017-10-06 09:55:08 -0400
  
ActionController::RoutingError (No route matches [GET] "/%3Canonymous%3E"):
  
actionpack (5.1.4) lib/action_dispatch/middleware/debug_exceptions.rb:63:in `call'
actionpack (5.1.4) lib/action_dispatch/middleware/show_exceptions.rb:31:in `call'
railties (5.1.4) lib/rails/rack/logger.rb:36:in `call_app'
railties (5.1.4) lib/rails/rack/logger.rb:24:in `block in call'
activesupport (5.1.4) lib/active_support/tagged_logging.rb:69:in `block in tagged'
activesupport (5.1.4) lib/active_support/tagged_logging.rb:26:in `tagged'
activesupport (5.1.4) lib/active_support/tagged_logging.rb:69:in `tagged'
railties (5.1.4) lib/rails/rack/logger.rb:24:in `call'
actionpack (5.1.4) lib/action_dispatch/middleware/remote_ip.rb:79:in `call'
actionpack (5.1.4) lib/action_dispatch/middleware/request_id.rb:25:in `call'
rack (2.0.3) lib/rack/runtime.rb:22:in `call'
activesupport (5.1.4) lib/active_support/cache/strategy/local_cache_middleware.rb:27:in `call'
actionpack (5.1.4) lib/action_dispatch/middleware/executor.rb:12:in `call'
actionpack (5.1.4) lib/action_dispatch/middleware/static.rb:125:in `call'
rack (2.0.3) lib/rack/sendfile.rb:111:in `call'
railties (5.1.4) lib/rails/engine.rb:522:in `call'
puma (3.10.0) lib/puma/configuration.rb:225:in `call'
puma (3.10.0) lib/puma/server.rb:605:in `handle_request'
puma (3.10.0) lib/puma/server.rb:437:in `process_client'
puma (3.10.0) lib/puma/server.rb:301:in `block in run'
puma (3.10.0) lib/puma/thread_pool.rb:120:in `block in spawn_thread'
Started GET "/Clue.js" for 127.0.0.1 at 2017-10-06 09:57:50 -0400
  
ActionController::RoutingError (No route matches [GET] "/Clue.js"):
  
actionpack (5.1.4) lib/action_dispatch/middleware/debug_exceptions.rb:63:in `call'
actionpack (5.1.4) lib/action_dispatch/middleware/show_exceptions.rb:31:in `call'
railties (5.1.4) lib/rails/rack/logger.rb:36:in `call_app'
railties (5.1.4) lib/rails/rack/logger.rb:24:in `block in call'
activesupport (5.1.4) lib/active_support/tagged_logging.rb:69:in `block in tagged'
activesupport (5.1.4) lib/active_support/tagged_logging.rb:26:in `tagged'
activesupport (5.1.4) lib/active_support/tagged_logging.rb:69:in `tagged'
railties (5.1.4) lib/rails/rack/logger.rb:24:in `call'
actionpack (5.1.4) lib/action_dispatch/middleware/remote_ip.rb:79:in `call'
actionpack (5.1.4) lib/action_dispatch/middleware/request_id.rb:25:in `call'
rack (2.0.3) lib/rack/runtime.rb:22:in `call'
activesupport (5.1.4) lib/active_support/cache/strategy/local_cache_middleware.rb:27:in `call'
actionpack (5.1.4) lib/action_dispatch/middleware/executor.rb:12:in `call'
actionpack (5.1.4) lib/action_dispatch/middleware/static.rb:125:in `call'
rack (2.0.3) lib/rack/sendfile.rb:111:in `call'
railties (5.1.4) lib/rails/engine.rb:522:in `call'
puma (3.10.0) lib/puma/configuration.rb:225:in `call'
puma (3.10.0) lib/puma/server.rb:605:in `handle_request'
puma (3.10.0) lib/puma/server.rb:437:in `process_client'
puma (3.10.0) lib/puma/server.rb:301:in `block in run'
puma (3.10.0) lib/puma/thread_pool.rb:120:in `block in spawn_thread'
Started GET "/index.js" for 127.0.0.1 at 2017-10-06 09:57:50 -0400
Started GET "/App.js" for 127.0.0.1 at 2017-10-06 09:57:50 -0400
  
Started GET "/Game.js" for 127.0.0.1 at 2017-10-06 09:57:50 -0400
  
ActionController::RoutingError (No route matches [GET] "/App.js"):
  
  
ActionController::RoutingError (No route matches [GET] "/Game.js"):
  
actionpack (5.1.4) lib/action_dispatch/middleware/debug_exceptions.rb:63:in `call'
actionpack (5.1.4) lib/action_dispatch/middleware/show_exceptions.rb:31:in `call'
railties (5.1.4) lib/rails/rack/logger.rb:36:in `call_app'
railties (5.1.4) lib/rails/rack/logger.rb:24:in `block in call'
activesupport (5.1.4) lib/active_support/tagged_logging.rb:69:in `block in tagged'
activesupport (5.1.4) lib/active_support/tagged_logging.rb:26:in `tagged'
activesupport (5.1.4) lib/active_support/tagged_logging.rb:69:in `tagged'
railties (5.1.4) lib/rails/rack/logger.rb:24:in `call'
actionpack (5.1.4) lib/action_dispatch/middleware/remote_ip.rb:79:in `call'
actionpack (5.1.4) lib/action_dispatch/middleware/request_id.rb:25:in `call'
rack (2.0.3) lib/rack/runtime.rb:22:in `call'
activesupport (5.1.4) lib/active_support/cache/strategy/local_cache_middleware.rb:27:in `call'
actionpack (5.1.4) lib/action_dispatch/middleware/executor.rb:12:in `call'
actionpack (5.1.4) lib/action_dispatch/middleware/static.rb:125:in `call'
rack (2.0.3) lib/rack/sendfile.rb:111:in `call'
railties (5.1.4) lib/rails/engine.rb:522:in `call'
puma (3.10.0) lib/puma/configuration.rb:225:in `call'
puma (3.10.0) lib/puma/server.rb:605:in `handle_request'
puma (3.10.0) lib/puma/server.rb:437:in `process_client'
puma (3.10.0) lib/puma/server.rb:301:in `block in run'
puma (3.10.0) lib/puma/thread_pool.rb:120:in `block in spawn_thread'
Started GET "/%3Canonymous%3E" for 127.0.0.1 at 2017-10-06 09:57:50 -0400
actionpack (5.1.4) lib/action_dispatch/middleware/debug_exceptions.rb:63:in `call'
actionpack (5.1.4) lib/action_dispatch/middleware/show_exceptions.rb:31:in `call'
railties (5.1.4) lib/rails/rack/logger.rb:36:in `call_app'
railties (5.1.4) lib/rails/rack/logger.rb:24:in `block in call'
activesupport (5.1.4) lib/active_support/tagged_logging.rb:69:in `block in tagged'
activesupport (5.1.4) lib/active_support/tagged_logging.rb:26:in `tagged'
activesupport (5.1.4) lib/active_support/tagged_logging.rb:69:in `tagged'
railties (5.1.4) lib/rails/rack/logger.rb:24:in `call'
actionpack (5.1.4) lib/action_dispatch/middleware/remote_ip.rb:79:in `call'
actionpack (5.1.4) lib/action_dispatch/middleware/request_id.rb:25:in `call'
rack (2.0.3) lib/rack/runtime.rb:22:in `call'
activesupport (5.1.4) lib/active_support/cache/strategy/local_cache_middleware.rb:27:in `call'
actionpack (5.1.4) lib/action_dispatch/middleware/executor.rb:12:in `call'
actionpack (5.1.4) lib/action_dispatch/middleware/static.rb:125:in `call'
rack (2.0.3) lib/rack/sendfile.rb:111:in `call'
railties (5.1.4) lib/rails/engine.rb:522:in `call'
puma (3.10.0) lib/puma/configuration.rb:225:in `call'
puma (3.10.0) lib/puma/server.rb:605:in `handle_request'
puma (3.10.0) lib/puma/server.rb:437:in `process_client'
puma (3.10.0) lib/puma/server.rb:301:in `block in run'
puma (3.10.0) lib/puma/thread_pool.rb:120:in `block in spawn_thread'
ActionController::RoutingError (No route matches [GET] "/index.js"):
  
actionpack (5.1.4) lib/action_dispatch/middleware/debug_exceptions.rb:63:in `call'
actionpack (5.1.4) lib/action_dispatch/middleware/show_exceptions.rb:31:in `call'
railties (5.1.4) lib/rails/rack/logger.rb:36:in `call_app'
railties (5.1.4) lib/rails/rack/logger.rb:24:in `block in call'
activesupport (5.1.4) lib/active_support/tagged_logging.rb:69:in `block in tagged'
activesupport (5.1.4) lib/active_support/tagged_logging.rb:26:in `tagged'
activesupport (5.1.4) lib/active_support/tagged_logging.rb:69:in `tagged'
railties (5.1.4) lib/rails/rack/logger.rb:24:in `call'
actionpack (5.1.4) lib/action_dispatch/middleware/remote_ip.rb:79:in `call'
actionpack (5.1.4) lib/action_dispatch/middleware/request_id.rb:25:in `call'
rack (2.0.3) lib/rack/runtime.rb:22:in `call'
activesupport (5.1.4) lib/active_support/cache/strategy/local_cache_middleware.rb:27:in `call'
actionpack (5.1.4) lib/action_dispatch/middleware/executor.rb:12:in `call'
actionpack (5.1.4) lib/action_dispatch/middleware/static.rb:125:in `call'
rack (2.0.3) lib/rack/sendfile.rb:111:in `call'
railties (5.1.4) lib/rails/engine.rb:522:in `call'
puma (3.10.0) lib/puma/configuration.rb:225:in `call'
puma (3.10.0) lib/puma/server.rb:605:in `handle_request'
puma (3.10.0) lib/puma/server.rb:437:in `process_client'
puma (3.10.0) lib/puma/server.rb:301:in `block in run'
puma (3.10.0) lib/puma/thread_pool.rb:120:in `block in spawn_thread'
  
ActionController::RoutingError (No route matches [GET] "/%3Canonymous%3E"):
  
actionpack (5.1.4) lib/action_dispatch/middleware/debug_exceptions.rb:63:in `call'
actionpack (5.1.4) lib/action_dispatch/middleware/show_exceptions.rb:31:in `call'
railties (5.1.4) lib/rails/rack/logger.rb:36:in `call_app'
railties (5.1.4) lib/rails/rack/logger.rb:24:in `block in call'
activesupport (5.1.4) lib/active_support/tagged_logging.rb:69:in `block in tagged'
activesupport (5.1.4) lib/active_support/tagged_logging.rb:26:in `tagged'
activesupport (5.1.4) lib/active_support/tagged_logging.rb:69:in `tagged'
railties (5.1.4) lib/rails/rack/logger.rb:24:in `call'
actionpack (5.1.4) lib/action_dispatch/middleware/remote_ip.rb:79:in `call'
actionpack (5.1.4) lib/action_dispatch/middleware/request_id.rb:25:in `call'
rack (2.0.3) lib/rack/runtime.rb:22:in `call'
activesupport (5.1.4) lib/active_support/cache/strategy/local_cache_middleware.rb:27:in `call'
actionpack (5.1.4) lib/action_dispatch/middleware/executor.rb:12:in `call'
actionpack (5.1.4) lib/action_dispatch/middleware/static.rb:125:in `call'
rack (2.0.3) lib/rack/sendfile.rb:111:in `call'
railties (5.1.4) lib/rails/engine.rb:522:in `call'
puma (3.10.0) lib/puma/configuration.rb:225:in `call'
puma (3.10.0) lib/puma/server.rb:605:in `handle_request'
puma (3.10.0) lib/puma/server.rb:437:in `process_client'
puma (3.10.0) lib/puma/server.rb:301:in `block in run'
puma (3.10.0) lib/puma/thread_pool.rb:120:in `block in spawn_thread'
Started GET "/Clue.js" for 127.0.0.1 at 2017-10-06 09:57:50 -0400
  
ActionController::RoutingError (No route matches [GET] "/Clue.js"):
  
actionpack (5.1.4) lib/action_dispatch/middleware/debug_exceptions.rb:63:in `call'
actionpack (5.1.4) lib/action_dispatch/middleware/show_exceptions.rb:31:in `call'
railties (5.1.4) lib/rails/rack/logger.rb:36:in `call_app'
railties (5.1.4) lib/rails/rack/logger.rb:24:in `block in call'
activesupport (5.1.4) lib/active_support/tagged_logging.rb:69:in `block in tagged'
activesupport (5.1.4) lib/active_support/tagged_logging.rb:26:in `tagged'
activesupport (5.1.4) lib/active_support/tagged_logging.rb:69:in `tagged'
railties (5.1.4) lib/rails/rack/logger.rb:24:in `call'
actionpack (5.1.4) lib/action_dispatch/middleware/remote_ip.rb:79:in `call'
actionpack (5.1.4) lib/action_dispatch/middleware/request_id.rb:25:in `call'
rack (2.0.3) lib/rack/runtime.rb:22:in `call'
activesupport (5.1.4) lib/active_support/cache/strategy/local_cache_middleware.rb:27:in `call'
actionpack (5.1.4) lib/action_dispatch/middleware/executor.rb:12:in `call'
actionpack (5.1.4) lib/action_dispatch/middleware/static.rb:125:in `call'
rack (2.0.3) lib/rack/sendfile.rb:111:in `call'
railties (5.1.4) lib/rails/engine.rb:522:in `call'
puma (3.10.0) lib/puma/configuration.rb:225:in `call'
puma (3.10.0) lib/puma/server.rb:605:in `handle_request'
puma (3.10.0) lib/puma/server.rb:437:in `process_client'
puma (3.10.0) lib/puma/server.rb:301:in `block in run'
puma (3.10.0) lib/puma/thread_pool.rb:120:in `block in spawn_thread'
Started GET "/App.js" for 127.0.0.1 at 2017-10-06 09:57:50 -0400
  
ActionController::RoutingError (No route matches [GET] "/App.js"):
Started GET "/Game.js" for 127.0.0.1 at 2017-10-06 09:57:50 -0400
  
Started GET "/index.js" for 127.0.0.1 at 2017-10-06 09:57:50 -0400
  
actionpack (5.1.4) lib/action_dispatch/middleware/debug_exceptions.rb:63:in `call'
actionpack (5.1.4) lib/action_dispatch/middleware/show_exceptions.rb:31:in `call'
railties (5.1.4) lib/rails/rack/logger.rb:36:in `call_app'
railties (5.1.4) lib/rails/rack/logger.rb:24:in `block in call'
activesupport (5.1.4) lib/active_support/tagged_logging.rb:69:in `block in tagged'
activesupport (5.1.4) lib/active_support/tagged_logging.rb:26:in `tagged'
activesupport (5.1.4) lib/active_support/tagged_logging.rb:69:in `tagged'
railties (5.1.4) lib/rails/rack/logger.rb:24:in `call'
actionpack (5.1.4) lib/action_dispatch/middleware/remote_ip.rb:79:in `call'
actionpack (5.1.4) lib/action_dispatch/middleware/request_id.rb:25:in `call'
rack (2.0.3) lib/rack/runtime.rb:22:in `call'
activesupport (5.1.4) lib/active_support/cache/strategy/local_cache_middleware.rb:27:in `call'
actionpack (5.1.4) lib/action_dispatch/middleware/executor.rb:12:in `call'
actionpack (5.1.4) lib/action_dispatch/middleware/static.rb:125:in `call'
rack (2.0.3) lib/rack/sendfile.rb:111:in `call'
railties (5.1.4) lib/rails/engine.rb:522:in `call'
puma (3.10.0) lib/puma/configuration.rb:225:in `call'
puma (3.10.0) lib/puma/server.rb:605:in `handle_request'
puma (3.10.0) lib/puma/server.rb:437:in `process_client'
puma (3.10.0) lib/puma/server.rb:301:in `block in run'
puma (3.10.0) lib/puma/thread_pool.rb:120:in `block in spawn_thread'
  
ActionController::RoutingError (No route matches [GET] "/Game.js"):
Started GET "/%3Canonymous%3E" for 127.0.0.1 at 2017-10-06 09:57:50 -0400
ActionController::RoutingError (No route matches [GET] "/index.js"):
  
  
actionpack (5.1.4) lib/action_dispatch/middleware/debug_exceptions.rb:63:in `call'
actionpack (5.1.4) lib/action_dispatch/middleware/show_exceptions.rb:31:in `call'
railties (5.1.4) lib/rails/rack/logger.rb:36:in `call_app'
railties (5.1.4) lib/rails/rack/logger.rb:24:in `block in call'
activesupport (5.1.4) lib/active_support/tagged_logging.rb:69:in `block in tagged'
activesupport (5.1.4) lib/active_support/tagged_logging.rb:26:in `tagged'
activesupport (5.1.4) lib/active_support/tagged_logging.rb:69:in `tagged'
railties (5.1.4) lib/rails/rack/logger.rb:24:in `call'
actionpack (5.1.4) lib/action_dispatch/middleware/remote_ip.rb:79:in `call'
actionpack (5.1.4) lib/action_dispatch/middleware/request_id.rb:25:in `call'
rack (2.0.3) lib/rack/runtime.rb:22:in `call'
activesupport (5.1.4) lib/active_support/cache/strategy/local_cache_middleware.rb:27:in `call'
actionpack (5.1.4) lib/action_dispatch/middleware/executor.rb:12:in `call'
actionpack (5.1.4) lib/action_dispatch/middleware/static.rb:125:in `call'
rack (2.0.3) lib/rack/sendfile.rb:111:in `call'
railties (5.1.4) lib/rails/engine.rb:522:in `call'
puma (3.10.0) lib/puma/configuration.rb:225:in `call'
puma (3.10.0) lib/puma/server.rb:605:in `handle_request'
puma (3.10.0) lib/puma/server.rb:437:in `process_client'
puma (3.10.0) lib/puma/server.rb:301:in `block in run'
puma (3.10.0) lib/puma/thread_pool.rb:120:in `block in spawn_thread'
actionpack (5.1.4) lib/action_dispatch/middleware/debug_exceptions.rb:63:in `call'
actionpack (5.1.4) lib/action_dispatch/middleware/show_exceptions.rb:31:in `call'
railties (5.1.4) lib/rails/rack/logger.rb:36:in `call_app'
railties (5.1.4) lib/rails/rack/logger.rb:24:in `block in call'
activesupport (5.1.4) lib/active_support/tagged_logging.rb:69:in `block in tagged'
activesupport (5.1.4) lib/active_support/tagged_logging.rb:26:in `tagged'
activesupport (5.1.4) lib/active_support/tagged_logging.rb:69:in `tagged'
railties (5.1.4) lib/rails/rack/logger.rb:24:in `call'
actionpack (5.1.4) lib/action_dispatch/middleware/remote_ip.rb:79:in `call'
actionpack (5.1.4) lib/action_dispatch/middleware/request_id.rb:25:in `call'
rack (2.0.3) lib/rack/runtime.rb:22:in `call'
activesupport (5.1.4) lib/active_support/cache/strategy/local_cache_middleware.rb:27:in `call'
actionpack (5.1.4) lib/action_dispatch/middleware/executor.rb:12:in `call'
actionpack (5.1.4) lib/action_dispatch/middleware/static.rb:125:in `call'
rack (2.0.3) lib/rack/sendfile.rb:111:in `call'
railties (5.1.4) lib/rails/engine.rb:522:in `call'
puma (3.10.0) lib/puma/configuration.rb:225:in `call'
puma (3.10.0) lib/puma/server.rb:605:in `handle_request'
puma (3.10.0) lib/puma/server.rb:437:in `process_client'
puma (3.10.0) lib/puma/server.rb:301:in `block in run'
puma (3.10.0) lib/puma/thread_pool.rb:120:in `block in spawn_thread'
  
ActionController::RoutingError (No route matches [GET] "/%3Canonymous%3E"):
  
actionpack (5.1.4) lib/action_dispatch/middleware/debug_exceptions.rb:63:in `call'
actionpack (5.1.4) lib/action_dispatch/middleware/show_exceptions.rb:31:in `call'
railties (5.1.4) lib/rails/rack/logger.rb:36:in `call_app'
railties (5.1.4) lib/rails/rack/logger.rb:24:in `block in call'
activesupport (5.1.4) lib/active_support/tagged_logging.rb:69:in `block in tagged'
activesupport (5.1.4) lib/active_support/tagged_logging.rb:26:in `tagged'
activesupport (5.1.4) lib/active_support/tagged_logging.rb:69:in `tagged'
railties (5.1.4) lib/rails/rack/logger.rb:24:in `call'
actionpack (5.1.4) lib/action_dispatch/middleware/remote_ip.rb:79:in `call'
actionpack (5.1.4) lib/action_dispatch/middleware/request_id.rb:25:in `call'
rack (2.0.3) lib/rack/runtime.rb:22:in `call'
activesupport (5.1.4) lib/active_support/cache/strategy/local_cache_middleware.rb:27:in `call'
actionpack (5.1.4) lib/action_dispatch/middleware/executor.rb:12:in `call'
actionpack (5.1.4) lib/action_dispatch/middleware/static.rb:125:in `call'
rack (2.0.3) lib/rack/sendfile.rb:111:in `call'
railties (5.1.4) lib/rails/engine.rb:522:in `call'
puma (3.10.0) lib/puma/configuration.rb:225:in `call'
puma (3.10.0) lib/puma/server.rb:605:in `handle_request'
puma (3.10.0) lib/puma/server.rb:437:in `process_client'
puma (3.10.0) lib/puma/server.rb:301:in `block in run'
puma (3.10.0) lib/puma/thread_pool.rb:120:in `block in spawn_thread'
Started GET "/Clue.js" for 127.0.0.1 at 2017-10-06 10:00:20 -0400
  
ActionController::RoutingError (No route matches [GET] "/Clue.js"):
  
actionpack (5.1.4) lib/action_dispatch/middleware/debug_exceptions.rb:63:in `call'
actionpack (5.1.4) lib/action_dispatch/middleware/show_exceptions.rb:31:in `call'
railties (5.1.4) lib/rails/rack/logger.rb:36:in `call_app'
railties (5.1.4) lib/rails/rack/logger.rb:24:in `block in call'
activesupport (5.1.4) lib/active_support/tagged_logging.rb:69:in `block in tagged'
activesupport (5.1.4) lib/active_support/tagged_logging.rb:26:in `tagged'
activesupport (5.1.4) lib/active_support/tagged_logging.rb:69:in `tagged'
railties (5.1.4) lib/rails/rack/logger.rb:24:in `call'
actionpack (5.1.4) lib/action_dispatch/middleware/remote_ip.rb:79:in `call'
actionpack (5.1.4) lib/action_dispatch/middleware/request_id.rb:25:in `call'
rack (2.0.3) lib/rack/runtime.rb:22:in `call'
activesupport (5.1.4) lib/active_support/cache/strategy/local_cache_middleware.rb:27:in `call'
actionpack (5.1.4) lib/action_dispatch/middleware/executor.rb:12:in `call'
actionpack (5.1.4) lib/action_dispatch/middleware/static.rb:125:in `call'
rack (2.0.3) lib/rack/sendfile.rb:111:in `call'
railties (5.1.4) lib/rails/engine.rb:522:in `call'
puma (3.10.0) lib/puma/configuration.rb:225:in `call'
puma (3.10.0) lib/puma/server.rb:605:in `handle_request'
puma (3.10.0) lib/puma/server.rb:437:in `process_client'
puma (3.10.0) lib/puma/server.rb:301:in `block in run'
puma (3.10.0) lib/puma/thread_pool.rb:120:in `block in spawn_thread'
Started GET "/Game.js" for 127.0.0.1 at 2017-10-06 10:00:20 -0400
Started GET "/App.js" for 127.0.0.1 at 2017-10-06 10:00:20 -0400
  
ActionController::RoutingError (No route matches [GET] "/App.js"):
  
actionpack (5.1.4) lib/action_dispatch/middleware/debug_exceptions.rb:63:in `call'
actionpack (5.1.4) lib/action_dispatch/middleware/show_exceptions.rb:31:in `call'
railties (5.1.4) lib/rails/rack/logger.rb:36:in `call_app'
railties (5.1.4) lib/rails/rack/logger.rb:24:in `block in call'
activesupport (5.1.4) lib/active_support/tagged_logging.rb:69:in `block in tagged'
activesupport (5.1.4) lib/active_support/tagged_logging.rb:26:in `tagged'
activesupport (5.1.4) lib/active_support/tagged_logging.rb:69:in `tagged'
railties (5.1.4) lib/rails/rack/logger.rb:24:in `call'
actionpack (5.1.4) lib/action_dispatch/middleware/remote_ip.rb:79:in `call'
actionpack (5.1.4) lib/action_dispatch/middleware/request_id.rb:25:in `call'
rack (2.0.3) lib/rack/runtime.rb:22:in `call'
activesupport (5.1.4) lib/active_support/cache/strategy/local_cache_middleware.rb:27:in `call'
actionpack (5.1.4) lib/action_dispatch/middleware/executor.rb:12:in `call'
actionpack (5.1.4) lib/action_dispatch/middleware/static.rb:125:in `call'
rack (2.0.3) lib/rack/sendfile.rb:111:in `call'
railties (5.1.4) lib/rails/engine.rb:522:in `call'
puma (3.10.0) lib/puma/configuration.rb:225:in `call'
puma (3.10.0) lib/puma/server.rb:605:in `handle_request'
puma (3.10.0) lib/puma/server.rb:437:in `process_client'
puma (3.10.0) lib/puma/server.rb:301:in `block in run'
puma (3.10.0) lib/puma/thread_pool.rb:120:in `block in spawn_thread'
  
ActionController::RoutingError (No route matches [GET] "/Game.js"):
  
actionpack (5.1.4) lib/action_dispatch/middleware/debug_exceptions.rb:63:in `call'
actionpack (5.1.4) lib/action_dispatch/middleware/show_exceptions.rb:31:in `call'
railties (5.1.4) lib/rails/rack/logger.rb:36:in `call_app'
railties (5.1.4) lib/rails/rack/logger.rb:24:in `block in call'
activesupport (5.1.4) lib/active_support/tagged_logging.rb:69:in `block in tagged'
activesupport (5.1.4) lib/active_support/tagged_logging.rb:26:in `tagged'
activesupport (5.1.4) lib/active_support/tagged_logging.rb:69:in `tagged'
railties (5.1.4) lib/rails/rack/logger.rb:24:in `call'
actionpack (5.1.4) lib/action_dispatch/middleware/remote_ip.rb:79:in `call'
actionpack (5.1.4) lib/action_dispatch/middleware/request_id.rb:25:in `call'
rack (2.0.3) lib/rack/runtime.rb:22:in `call'
activesupport (5.1.4) lib/active_support/cache/strategy/local_cache_middleware.rb:27:in `call'
actionpack (5.1.4) lib/action_dispatch/middleware/executor.rb:12:in `call'
actionpack (5.1.4) lib/action_dispatch/middleware/static.rb:125:in `call'
rack (2.0.3) lib/rack/sendfile.rb:111:in `call'
railties (5.1.4) lib/rails/engine.rb:522:in `call'
puma (3.10.0) lib/puma/configuration.rb:225:in `call'
puma (3.10.0) lib/puma/server.rb:605:in `handle_request'
puma (3.10.0) lib/puma/server.rb:437:in `process_client'
puma (3.10.0) lib/puma/server.rb:301:in `block in run'
puma (3.10.0) lib/puma/thread_pool.rb:120:in `block in spawn_thread'
Started GET "/index.js" for 127.0.0.1 at 2017-10-06 10:00:20 -0400
  
ActionController::RoutingError (No route matches [GET] "/index.js"):
  
actionpack (5.1.4) lib/action_dispatch/middleware/debug_exceptions.rb:63:in `call'
actionpack (5.1.4) lib/action_dispatch/middleware/show_exceptions.rb:31:in `call'
railties (5.1.4) lib/rails/rack/logger.rb:36:in `call_app'
railties (5.1.4) lib/rails/rack/logger.rb:24:in `block in call'
activesupport (5.1.4) lib/active_support/tagged_logging.rb:69:in `block in tagged'
activesupport (5.1.4) lib/active_support/tagged_logging.rb:26:in `tagged'
activesupport (5.1.4) lib/active_support/tagged_logging.rb:69:in `tagged'
railties (5.1.4) lib/rails/rack/logger.rb:24:in `call'
actionpack (5.1.4) lib/action_dispatch/middleware/remote_ip.rb:79:in `call'
actionpack (5.1.4) lib/action_dispatch/middleware/request_id.rb:25:in `call'
rack (2.0.3) lib/rack/runtime.rb:22:in `call'
activesupport (5.1.4) lib/active_support/cache/strategy/local_cache_middleware.rb:27:in `call'
actionpack (5.1.4) lib/action_dispatch/middleware/executor.rb:12:in `call'
actionpack (5.1.4) lib/action_dispatch/middleware/static.rb:125:in `call'
rack (2.0.3) lib/rack/sendfile.rb:111:in `call'
railties (5.1.4) lib/rails/engine.rb:522:in `call'
puma (3.10.0) lib/puma/configuration.rb:225:in `call'
puma (3.10.0) lib/puma/server.rb:605:in `handle_request'
puma (3.10.0) lib/puma/server.rb:437:in `process_client'
puma (3.10.0) lib/puma/server.rb:301:in `block in run'
puma (3.10.0) lib/puma/thread_pool.rb:120:in `block in spawn_thread'
Started GET "/%3Canonymous%3E" for 127.0.0.1 at 2017-10-06 10:00:20 -0400
  
ActionController::RoutingError (No route matches [GET] "/%3Canonymous%3E"):
  
actionpack (5.1.4) lib/action_dispatch/middleware/debug_exceptions.rb:63:in `call'
actionpack (5.1.4) lib/action_dispatch/middleware/show_exceptions.rb:31:in `call'
railties (5.1.4) lib/rails/rack/logger.rb:36:in `call_app'
railties (5.1.4) lib/rails/rack/logger.rb:24:in `block in call'
activesupport (5.1.4) lib/active_support/tagged_logging.rb:69:in `block in tagged'
activesupport (5.1.4) lib/active_support/tagged_logging.rb:26:in `tagged'
activesupport (5.1.4) lib/active_support/tagged_logging.rb:69:in `tagged'
railties (5.1.4) lib/rails/rack/logger.rb:24:in `call'
actionpack (5.1.4) lib/action_dispatch/middleware/remote_ip.rb:79:in `call'
actionpack (5.1.4) lib/action_dispatch/middleware/request_id.rb:25:in `call'
rack (2.0.3) lib/rack/runtime.rb:22:in `call'
activesupport (5.1.4) lib/active_support/cache/strategy/local_cache_middleware.rb:27:in `call'
actionpack (5.1.4) lib/action_dispatch/middleware/executor.rb:12:in `call'
actionpack (5.1.4) lib/action_dispatch/middleware/static.rb:125:in `call'
rack (2.0.3) lib/rack/sendfile.rb:111:in `call'
railties (5.1.4) lib/rails/engine.rb:522:in `call'
puma (3.10.0) lib/puma/configuration.rb:225:in `call'
puma (3.10.0) lib/puma/server.rb:605:in `handle_request'
puma (3.10.0) lib/puma/server.rb:437:in `process_client'
puma (3.10.0) lib/puma/server.rb:301:in `block in run'
puma (3.10.0) lib/puma/thread_pool.rb:120:in `block in spawn_thread'
Started GET "/Clue.js" for 127.0.0.1 at 2017-10-06 10:00:20 -0400
  
ActionController::RoutingError (No route matches [GET] "/Clue.js"):
  
actionpack (5.1.4) lib/action_dispatch/middleware/debug_exceptions.rb:63:in `call'
actionpack (5.1.4) lib/action_dispatch/middleware/show_exceptions.rb:31:in `call'
railties (5.1.4) lib/rails/rack/logger.rb:36:in `call_app'
railties (5.1.4) lib/rails/rack/logger.rb:24:in `block in call'
activesupport (5.1.4) lib/active_support/tagged_logging.rb:69:in `block in tagged'
activesupport (5.1.4) lib/active_support/tagged_logging.rb:26:in `tagged'
activesupport (5.1.4) lib/active_support/tagged_logging.rb:69:in `tagged'
railties (5.1.4) lib/rails/rack/logger.rb:24:in `call'
actionpack (5.1.4) lib/action_dispatch/middleware/remote_ip.rb:79:in `call'
actionpack (5.1.4) lib/action_dispatch/middleware/request_id.rb:25:in `call'
rack (2.0.3) lib/rack/runtime.rb:22:in `call'
activesupport (5.1.4) lib/active_support/cache/strategy/local_cache_middleware.rb:27:in `call'
actionpack (5.1.4) lib/action_dispatch/middleware/executor.rb:12:in `call'
actionpack (5.1.4) lib/action_dispatch/middleware/static.rb:125:in `call'
rack (2.0.3) lib/rack/sendfile.rb:111:in `call'
railties (5.1.4) lib/rails/engine.rb:522:in `call'
puma (3.10.0) lib/puma/configuration.rb:225:in `call'
puma (3.10.0) lib/puma/server.rb:605:in `handle_request'
puma (3.10.0) lib/puma/server.rb:437:in `process_client'
puma (3.10.0) lib/puma/server.rb:301:in `block in run'
puma (3.10.0) lib/puma/thread_pool.rb:120:in `block in spawn_thread'
Started GET "/index.js" for 127.0.0.1 at 2017-10-06 10:00:20 -0400
  
ActionController::RoutingError (No route matches [GET] "/index.js"):
  
actionpack (5.1.4) lib/action_dispatch/middleware/debug_exceptions.rb:63:in `call'
actionpack (5.1.4) lib/action_dispatch/middleware/show_exceptions.rb:31:in `call'
railties (5.1.4) lib/rails/rack/logger.rb:36:in `call_app'
railties (5.1.4) lib/rails/rack/logger.rb:24:in `block in call'
activesupport (5.1.4) lib/active_support/tagged_logging.rb:69:in `block in tagged'
activesupport (5.1.4) lib/active_support/tagged_logging.rb:26:in `tagged'
activesupport (5.1.4) lib/active_support/tagged_logging.rb:69:in `tagged'
railties (5.1.4) lib/rails/rack/logger.rb:24:in `call'
actionpack (5.1.4) lib/action_dispatch/middleware/remote_ip.rb:79:in `call'
actionpack (5.1.4) lib/action_dispatch/middleware/request_id.rb:25:in `call'
rack (2.0.3) lib/rack/runtime.rb:22:in `call'
activesupport (5.1.4) lib/active_support/cache/strategy/local_cache_middleware.rb:27:in `call'
actionpack (5.1.4) lib/action_dispatch/middleware/executor.rb:12:in `call'
actionpack (5.1.4) lib/action_dispatch/middleware/static.rb:125:in `call'
rack (2.0.3) lib/rack/sendfile.rb:111:in `call'
railties (5.1.4) lib/rails/engine.rb:522:in `call'
puma (3.10.0) lib/puma/configuration.rb:225:in `call'
puma (3.10.0) lib/puma/server.rb:605:in `handle_request'
puma (3.10.0) lib/puma/server.rb:437:in `process_client'
puma (3.10.0) lib/puma/server.rb:301:in `block in run'
puma (3.10.0) lib/puma/thread_pool.rb:120:in `block in spawn_thread'
Started GET "/Game.js" for 127.0.0.1 at 2017-10-06 10:00:20 -0400
  
ActionController::RoutingError (No route matches [GET] "/Game.js"):
  
actionpack (5.1.4) lib/action_dispatch/middleware/debug_exceptions.rb:63:in `call'
actionpack (5.1.4) lib/action_dispatch/middleware/show_exceptions.rb:31:in `call'
railties (5.1.4) lib/rails/rack/logger.rb:36:in `call_app'
railties (5.1.4) lib/rails/rack/logger.rb:24:in `block in call'
activesupport (5.1.4) lib/active_support/tagged_logging.rb:69:in `block in tagged'
activesupport (5.1.4) lib/active_support/tagged_logging.rb:26:in `tagged'
activesupport (5.1.4) lib/active_support/tagged_logging.rb:69:in `tagged'
railties (5.1.4) lib/rails/rack/logger.rb:24:in `call'
actionpack (5.1.4) lib/action_dispatch/middleware/remote_ip.rb:79:in `call'
actionpack (5.1.4) lib/action_dispatch/middleware/request_id.rb:25:in `call'
rack (2.0.3) lib/rack/runtime.rb:22:in `call'
activesupport (5.1.4) lib/active_support/cache/strategy/local_cache_middleware.rb:27:in `call'
actionpack (5.1.4) lib/action_dispatch/middleware/executor.rb:12:in `call'
actionpack (5.1.4) lib/action_dispatch/middleware/static.rb:125:in `call'
rack (2.0.3) lib/rack/sendfile.rb:111:in `call'
railties (5.1.4) lib/rails/engine.rb:522:in `call'
puma (3.10.0) lib/puma/configuration.rb:225:in `call'
puma (3.10.0) lib/puma/server.rb:605:in `handle_request'
puma (3.10.0) lib/puma/server.rb:437:in `process_client'
puma (3.10.0) lib/puma/server.rb:301:in `block in run'
puma (3.10.0) lib/puma/thread_pool.rb:120:in `block in spawn_thread'
Started GET "/App.js" for 127.0.0.1 at 2017-10-06 10:00:20 -0400
  
ActionController::RoutingError (No route matches [GET] "/App.js"):
  
actionpack (5.1.4) lib/action_dispatch/middleware/debug_exceptions.rb:63:in `call'
actionpack (5.1.4) lib/action_dispatch/middleware/show_exceptions.rb:31:in `call'
railties (5.1.4) lib/rails/rack/logger.rb:36:in `call_app'
railties (5.1.4) lib/rails/rack/logger.rb:24:in `block in call'
activesupport (5.1.4) lib/active_support/tagged_logging.rb:69:in `block in tagged'
activesupport (5.1.4) lib/active_support/tagged_logging.rb:26:in `tagged'
activesupport (5.1.4) lib/active_support/tagged_logging.rb:69:in `tagged'
railties (5.1.4) lib/rails/rack/logger.rb:24:in `call'
actionpack (5.1.4) lib/action_dispatch/middleware/remote_ip.rb:79:in `call'
actionpack (5.1.4) lib/action_dispatch/middleware/request_id.rb:25:in `call'
rack (2.0.3) lib/rack/runtime.rb:22:in `call'
activesupport (5.1.4) lib/active_support/cache/strategy/local_cache_middleware.rb:27:in `call'
actionpack (5.1.4) lib/action_dispatch/middleware/executor.rb:12:in `call'
actionpack (5.1.4) lib/action_dispatch/middleware/static.rb:125:in `call'
rack (2.0.3) lib/rack/sendfile.rb:111:in `call'
railties (5.1.4) lib/rails/engine.rb:522:in `call'
puma (3.10.0) lib/puma/configuration.rb:225:in `call'
puma (3.10.0) lib/puma/server.rb:605:in `handle_request'
puma (3.10.0) lib/puma/server.rb:437:in `process_client'
puma (3.10.0) lib/puma/server.rb:301:in `block in run'
puma (3.10.0) lib/puma/thread_pool.rb:120:in `block in spawn_thread'
Started GET "/%3Canonymous%3E" for 127.0.0.1 at 2017-10-06 10:00:20 -0400
  
ActionController::RoutingError (No route matches [GET] "/%3Canonymous%3E"):
  
actionpack (5.1.4) lib/action_dispatch/middleware/debug_exceptions.rb:63:in `call'
actionpack (5.1.4) lib/action_dispatch/middleware/show_exceptions.rb:31:in `call'
railties (5.1.4) lib/rails/rack/logger.rb:36:in `call_app'
railties (5.1.4) lib/rails/rack/logger.rb:24:in `block in call'
activesupport (5.1.4) lib/active_support/tagged_logging.rb:69:in `block in tagged'
activesupport (5.1.4) lib/active_support/tagged_logging.rb:26:in `tagged'
activesupport (5.1.4) lib/active_support/tagged_logging.rb:69:in `tagged'
railties (5.1.4) lib/rails/rack/logger.rb:24:in `call'
actionpack (5.1.4) lib/action_dispatch/middleware/remote_ip.rb:79:in `call'
actionpack (5.1.4) lib/action_dispatch/middleware/request_id.rb:25:in `call'
rack (2.0.3) lib/rack/runtime.rb:22:in `call'
activesupport (5.1.4) lib/active_support/cache/strategy/local_cache_middleware.rb:27:in `call'
actionpack (5.1.4) lib/action_dispatch/middleware/executor.rb:12:in `call'
actionpack (5.1.4) lib/action_dispatch/middleware/static.rb:125:in `call'
rack (2.0.3) lib/rack/sendfile.rb:111:in `call'
railties (5.1.4) lib/rails/engine.rb:522:in `call'
puma (3.10.0) lib/puma/configuration.rb:225:in `call'
puma (3.10.0) lib/puma/server.rb:605:in `handle_request'
puma (3.10.0) lib/puma/server.rb:437:in `process_client'
puma (3.10.0) lib/puma/server.rb:301:in `block in run'
puma (3.10.0) lib/puma/thread_pool.rb:120:in `block in spawn_thread'
